Reading OpenROAD database at '/content/openlane_run/6-openroad-generatepdn/sort.odb'…
Reading library file at '/content/openlane_run/tmp/efcb71ff3eba47aaaf80056ae7b936b7.lib'…
Reading design constraints file at '/content/openlane/scripts/base.sdc'…
[WARNING STA-0337] port 'clk' not found.
[INFO] Using clock clk…
[INFO] Setting output delay to: 2
[INFO] Setting input delay to: 2
[WARNING STA-0337] port 'clk' not found.
[INFO] Setting load to: 0.033442
[INFO] Setting clock uncertainty to: 0.25
[INFO] Setting clock transition to: 0.1499999999999999944488848768742172978818416595458984375
[WARNING STA-0559] transition time can not be specified for virtual clocks.
[INFO] Setting timing derate to: 5%
[WARNING STA-0376] cell 'sky130_fd_sc_hd__a2111oi_0' not found.
[WARNING STA-0376] cell 'sky130_fd_sc_hd__a21boi_0' not found.
[WARNING STA-0376] cell 'sky130_fd_sc_hd__and2_0' not found.
[WARNING STA-0376] cell 'sky130_fd_sc_hd__buf_16' not found.
[WARNING STA-0376] cell 'sky130_fd_sc_hd__clkdlybuf4s15_1' not found.
[WARNING STA-0376] cell 'sky130_fd_sc_hd__clkdlybuf4s18_1' not found.
[WARNING STA-0376] cell 'sky130_fd_sc_hd__fa_4' not found.
[WARNING STA-0376] cell 'sky130_fd_sc_hd__lpflow_bleeder_1' not found.
[WARNING STA-0376] cell 'sky130_fd_sc_hd__lpflow_clkbufkapwr_1' not found.
[WARNING STA-0376] cell 'sky130_fd_sc_hd__lpflow_clkbufkapwr_16' not found.
[WARNING STA-0376] cell 'sky130_fd_sc_hd__lpflow_clkbufkapwr_2' not found.
[WARNING STA-0376] cell 'sky130_fd_sc_hd__lpflow_clkbufkapwr_4' not found.
[WARNING STA-0376] cell 'sky130_fd_sc_hd__lpflow_clkbufkapwr_8' not found.
[WARNING STA-0376] cell 'sky130_fd_sc_hd__lpflow_clkinvkapwr_1' not found.
[WARNING STA-0376] cell 'sky130_fd_sc_hd__lpflow_clkinvkapwr_16' not found.
[WARNING STA-0376] cell 'sky130_fd_sc_hd__lpflow_clkinvkapwr_2' not found.
[WARNING STA-0376] cell 'sky130_fd_sc_hd__lpflow_clkinvkapwr_4' not found.
[WARNING STA-0376] cell 'sky130_fd_sc_hd__lpflow_clkinvkapwr_8' not found.
[WARNING STA-0376] cell 'sky130_fd_sc_hd__lpflow_decapkapwr_12' not found.
[WARNING STA-0376] cell 'sky130_fd_sc_hd__lpflow_decapkapwr_3' not found.
[WARNING STA-0376] cell 'sky130_fd_sc_hd__lpflow_decapkapwr_4' not found.
[WARNING STA-0376] cell 'sky130_fd_sc_hd__lpflow_decapkapwr_6' not found.
[WARNING STA-0376] cell 'sky130_fd_sc_hd__lpflow_decapkapwr_8' not found.
[WARNING STA-0376] cell 'sky130_fd_sc_hd__lpflow_inputiso0n_1' not found.
[WARNING STA-0376] cell 'sky130_fd_sc_hd__lpflow_inputiso0p_1' not found.
[WARNING STA-0376] cell 'sky130_fd_sc_hd__lpflow_inputiso1n_1' not found.
[WARNING STA-0376] cell 'sky130_fd_sc_hd__lpflow_inputiso1p_1' not found.
[WARNING STA-0376] cell 'sky130_fd_sc_hd__lpflow_inputisolatch_1' not found.
[WARNING STA-0376] cell 'sky130_fd_sc_hd__lpflow_isobufsrc_1' not found.
[WARNING STA-0376] cell 'sky130_fd_sc_hd__lpflow_isobufsrc_16' not found.
[WARNING STA-0376] cell 'sky130_fd_sc_hd__lpflow_isobufsrc_2' not found.
[WARNING STA-0376] cell 'sky130_fd_sc_hd__lpflow_isobufsrc_4' not found.
[WARNING STA-0376] cell 'sky130_fd_sc_hd__lpflow_isobufsrc_8' not found.
[WARNING STA-0376] cell 'sky130_fd_sc_hd__lpflow_isobufsrckapwr_16' not found.
[WARNING STA-0376] cell 'sky130_fd_sc_hd__lpflow_lsbuf_lh_hl_isowell_tap_1' not found.
[WARNING STA-0376] cell 'sky130_fd_sc_hd__lpflow_lsbuf_lh_hl_isowell_tap_2' not found.
[WARNING STA-0376] cell 'sky130_fd_sc_hd__lpflow_lsbuf_lh_hl_isowell_tap_4' not found.
[WARNING STA-0376] cell 'sky130_fd_sc_hd__lpflow_lsbuf_lh_isowell_4' not found.
[WARNING STA-0376] cell 'sky130_fd_sc_hd__lpflow_lsbuf_lh_isowell_tap_1' not found.
[WARNING STA-0376] cell 'sky130_fd_sc_hd__lpflow_lsbuf_lh_isowell_tap_2' not found.
[WARNING STA-0376] cell 'sky130_fd_sc_hd__lpflow_lsbuf_lh_isowell_tap_4' not found.
[WARNING STA-0376] cell 'sky130_fd_sc_hd__mux4_4' not found.
[WARNING STA-0376] cell 'sky130_fd_sc_hd__o21ai_0' not found.
[WARNING STA-0376] cell 'sky130_fd_sc_hd__o311ai_0' not found.
[WARNING STA-0376] cell 'sky130_fd_sc_hd__or2_0' not found.
[WARNING STA-0376] cell 'sky130_fd_sc_hd__probe_p_8' not found.
[WARNING STA-0376] cell 'sky130_fd_sc_hd__probec_p_8' not found.
[WARNING STA-0376] cell 'sky130_fd_sc_hd__xor3_1' not found.
[WARNING STA-0376] cell 'sky130_fd_sc_hd__xor3_2' not found.
[WARNING STA-0376] cell 'sky130_fd_sc_hd__xor3_4' not found.
[WARNING STA-0376] cell 'sky130_fd_sc_hd__xnor3_1' not found.
[WARNING STA-0376] cell 'sky130_fd_sc_hd__xnor3_2' not found.
[WARNING STA-0376] cell 'sky130_fd_sc_hd__xnor3_4' not found.
[INFO] Setting RC values…
[INFO] Setting signal min routing layer to: met1 and clock min routing layer to met1. 
[INFO] Setting signal max routing layer to: met5 and clock max routing layer to met5. 
[INFO GPL-0002] DBU: 1000
[INFO GPL-0003] SiteSize: 460 2720
[INFO GPL-0004] CoreAreaLxLy: 5520 10880
[INFO GPL-0005] CoreAreaUxUy: 611340 614720
[INFO GPL-0006] NumInstances: 24654
[INFO GPL-0007] NumPlaceInstances: 19058
[INFO GPL-0008] NumFixedInstances: 5596
[INFO GPL-0009] NumDummyInstances: 0
[INFO GPL-0010] NumNets: 19186
[INFO GPL-0011] NumPins: 68825
[INFO GPL-0012] DieAreaLxLy: 0 0
[INFO GPL-0013] DieAreaUxUy: 617240 627960
[INFO GPL-0014] CoreAreaLxLy: 5520 10880
[INFO GPL-0015] CoreAreaUxUy: 611340 614720
[INFO GPL-0016] CoreArea: 365818348800
[INFO GPL-0017] NonPlaceInstsArea: 8112780800
[INFO GPL-0018] PlaceInstsArea: 183739971200
[INFO GPL-0019] Util(%): 51.37
[INFO GPL-0020] StdInstsArea: 183739971200
[INFO GPL-0021] MacroInstsArea: 0
[InitialPlace]  Iter: 1 CG residual: 0.00644940 HPWL: 334438520
[InitialPlace]  Iter: 2 CG residual: 0.00382821 HPWL: 249682780
[InitialPlace]  Iter: 3 CG residual: 0.00430499 HPWL: 242495541
[InitialPlace]  Iter: 4 CG residual: 0.00119541 HPWL: 239270928
[InitialPlace]  Iter: 5 CG residual: 0.00042712 HPWL: 235829211
[InitialPlace]  Iter: 6 CG residual: 0.00001212 HPWL: 234654336
[InitialPlace]  Iter: 7 CG residual: 0.00000952 HPWL: 233708110
[INFO GPL-0031] FillerInit: NumGCells: 22296
[INFO GPL-0032] FillerInit: NumGNets: 19186
[INFO GPL-0033] FillerInit: NumGPins: 68825
[INFO GPL-0023] TargetDensity: 0.60
[INFO GPL-0024] AveragePlaceInstArea: 9641094
[INFO GPL-0025] IdealBinArea: 16068489
[INFO GPL-0026] IdealBinCnt: 22766
[INFO GPL-0027] TotalBinArea: 365818348800
[INFO GPL-0028] BinCnt: 128 128
[INFO GPL-0029] BinSize: 4733 4718
[INFO GPL-0030] NumBins: 16384
[NesterovSolve] Iter: 1 overflow: 0.993675 HPWL: 128410017
[NesterovSolve] Iter: 10 overflow: 0.962194 HPWL: 172762179
[NesterovSolve] Iter: 20 overflow: 0.935747 HPWL: 203998401
[NesterovSolve] Iter: 30 overflow: 0.921861 HPWL: 232616917
[NesterovSolve] Iter: 40 overflow: 0.916878 HPWL: 251494379
[NesterovSolve] Iter: 50 overflow: 0.916307 HPWL: 253419783
[NesterovSolve] Iter: 60 overflow: 0.917479 HPWL: 244265942
[NesterovSolve] Iter: 70 overflow: 0.919108 HPWL: 236128215
[NesterovSolve] Iter: 80 overflow: 0.921201 HPWL: 233682864
[NesterovSolve] Iter: 90 overflow: 0.921496 HPWL: 234897785
[NesterovSolve] Iter: 100 overflow: 0.921344 HPWL: 236029054
[NesterovSolve] Iter: 110 overflow: 0.92174 HPWL: 235276971
[NesterovSolve] Iter: 120 overflow: 0.922529 HPWL: 233164907
[NesterovSolve] Iter: 130 overflow: 0.923587 HPWL: 231194529
[NesterovSolve] Iter: 140 overflow: 0.924396 HPWL: 230306540
[NesterovSolve] Iter: 150 overflow: 0.924888 HPWL: 230489628
[NesterovSolve] Iter: 160 overflow: 0.925047 HPWL: 231192470
[NesterovSolve] Iter: 170 overflow: 0.924826 HPWL: 232009780
[NesterovSolve] Iter: 180 overflow: 0.924056 HPWL: 233195996
[NesterovSolve] Iter: 190 overflow: 0.922312 HPWL: 235583210
[NesterovSolve] Iter: 200 overflow: 0.918886 HPWL: 239945680
[NesterovSolve] Iter: 210 overflow: 0.913491 HPWL: 246533181
[NesterovSolve] Iter: 220 overflow: 0.905543 HPWL: 255406193
[NesterovSolve] Iter: 230 overflow: 0.894208 HPWL: 267102098
[NesterovSolve] Iter: 240 overflow: 0.878531 HPWL: 282101774
[NesterovSolve] Iter: 250 overflow: 0.858693 HPWL: 300294049
[NesterovSolve] Iter: 260 overflow: 0.834174 HPWL: 320708116
[NesterovSolve] Iter: 270 overflow: 0.804856 HPWL: 341817010
[INFO GPL-0100] worst slack -1.11e-08
[INFO GPL-0103] Weighted 1917 nets.
[NesterovSolve] Iter: 280 overflow: 0.772537 HPWL: 361557988
[NesterovSolve] Iter: 290 overflow: 0.737213 HPWL: 372556561
[NesterovSolve] Iter: 300 overflow: 0.690793 HPWL: 380358696
[NesterovSolve] Iter: 310 overflow: 0.643042 HPWL: 384893143
[INFO GPL-0100] worst slack -1.19e-08
[INFO GPL-0103] Weighted 1917 nets.
[NesterovSolve] Snapshot saved at iter = 318
[NesterovSolve] Iter: 320 overflow: 0.59355 HPWL: 392381601
[NesterovSolve] Iter: 330 overflow: 0.54236 HPWL: 406436442
[NesterovSolve] Iter: 340 overflow: 0.500909 HPWL: 417793020
[INFO GPL-0100] worst slack -1.18e-08
[INFO GPL-0103] Weighted 1911 nets.
[NesterovSolve] Iter: 350 overflow: 0.460136 HPWL: 429926136
[NesterovSolve] Iter: 360 overflow: 0.410897 HPWL: 439527629
[NesterovSolve] Iter: 370 overflow: 0.378004 HPWL: 443340762
[NesterovSolve] Iter: 380 overflow: 0.34963 HPWL: 448061329
[NesterovSolve] Iter: 390 overflow: 0.323444 HPWL: 448216362
[NesterovSolve] Iter: 400 overflow: 0.301564 HPWL: 448568726
[INFO GPL-0100] worst slack -1.15e-08
[INFO GPL-0103] Weighted 1918 nets.
[NesterovSolve] Iter: 410 overflow: 0.278603 HPWL: 449237324
[NesterovSolve] Iter: 420 overflow: 0.258976 HPWL: 449432264
[NesterovSolve] Iter: 430 overflow: 0.239163 HPWL: 449561593
[NesterovSolve] Iter: 440 overflow: 0.218058 HPWL: 449326657
[INFO GPL-0100] worst slack -1.15e-08
[INFO GPL-0103] Weighted 1914 nets.
[INFO GPL-0075] Routability numCall: 1 inflationIterCnt: 1 bloatIterCnt: 0
[INFO GPL-0036] TileLxLy: 0 0
[INFO GPL-0037] TileSize: 6900 6900
[INFO GPL-0038] TileCnt: 89 91
[INFO GPL-0039] numRoutingLayers: 6
[INFO GPL-0040] NumTiles: 8099
[INFO GPL-0063] TotalRouteOverflowH2: 0.40000009536743164
[INFO GPL-0064] TotalRouteOverflowV2: 4.166667222976685
[INFO GPL-0065] OverflowTileCnt2: 28
[INFO GPL-0066] 0.5%RC: 1.051440336086132
[INFO GPL-0067] 1.0%RC: 1.0258799206396068
[INFO GPL-0068] 2.0%RC: 1.0129802717226688
[INFO GPL-0069] 5.0%RC: 1.0003466205332474
[INFO GPL-0070] 0.5rcK: 1
[INFO GPL-0071] 1.0rcK: 1
[INFO GPL-0072] 2.0rcK: 0
[INFO GPL-0073] 5.0rcK: 0
[INFO GPL-0074] FinalRC: 1.0386602
[NesterovSolve] Iter: 450 overflow: 0.19788 HPWL: 449535969
[NesterovSolve] Iter: 460 overflow: 0.178944 HPWL: 449864183
[NesterovSolve] Iter: 470 overflow: 0.161921 HPWL: 450316527
[NesterovSolve] Iter: 480 overflow: 0.144914 HPWL: 450944845
[INFO GPL-0100] worst slack -1.14e-08
[INFO GPL-0103] Weighted 1916 nets.
[NesterovSolve] Iter: 490 overflow: 0.129658 HPWL: 451890418
[NesterovSolve] Iter: 500 overflow: 0.114181 HPWL: 453106718
[NesterovSolve] Iter: 510 overflow: 0.0990663 HPWL: 454496184
[NesterovSolve] Finished with Overflow: 0.099066
[INFO] Setting RC values…
Setting global connections for newly added cells…
[INFO] Setting global connections...
Writing OpenROAD database to '/content/openlane_run/7-openroad-globalplacement/sort.odb'…
Writing netlist to '/content/openlane_run/7-openroad-globalplacement/sort.nl.v'…
Writing powered netlist to '/content/openlane_run/7-openroad-globalplacement/sort.pnl.v'…
Writing layout to '/content/openlane_run/7-openroad-globalplacement/sort.def'…
Writing timing constraints to '/content/openlane_run/7-openroad-globalplacement/sort.sdc'…
